---------------------------------------------------------------
[ 2017-09-10T09:02:14+08:00 ] 127.0.0.1 127.0.0.1 GET /project/kawadai/
[ info ] 127.0.0.1/project/kawadai/ [运行时间：0.062400s][吞吐率：16.03req/s] [内存消耗：2,403.44kb] [文件加载：58]
[ info ] [ LANG ] E:\phpStudy\WWW\project\kawadai\thinkphp\lang\zh-cn.php
[ info ] [ ROUTE ] array (
  'type' => 'module',
  'module' => 
  array (
    0 => '',
    1 => NULL,
    2 => NULL,
  ),
)
[ info ] [ HEADER ] array (
  'upgrade-insecure-requests' => '1',
  'connection' => 'close',
  'cookie' => 'PHPSESSID=m2fonj3f8jcpb9luhbvc1vecp6',
  'accept-encoding' => 'gzip, deflate',
  'accept-language' => 'zh-CN,zh;q=0.8,en-US;q=0.5,en;q=0.3',
  'accept' => 'text/html,application/xhtml+xml,application/xml;q=0.9,*/*;q=0.8',
  'user-agent' => 'Mozilla/5.0 (Windows NT 6.1; Win64; x64; rv:55.0) Gecko/20100101 Firefox/55.0',
  'host' => '127.0.0.1',
)
[ info ] [ PARAM ] array (
)
[ info ] [ SESSION ] INIT array (
  'prefix' => 'admin',
)
[ info ] [ DB ] INIT mysql
[ info ] [ LOG ] INIT File
[ sql ] [ DB ] CONNECT:[ UseTime:0.000000s ] mysql:dbname=kwd;host=localhost;port=3306;charset=utf8
[ sql ] [ SQL ] SHOW COLUMNS FROM `kd_menu` [ RunTime:0.000000s ]
[ sql ] [ SQL ] SELECT * FROM `kd_menu` WHERE (  `url` = '/project/kawadai/admin/index/index.shtml' ) AND `kd_menu`.`delete_time` IS NULL LIMIT 1 [ RunTime:0.000000s ]
---------------------------------------------------------------
[ 2017-09-10T09:02:14+08:00 ] 127.0.0.1 127.0.0.1 GET /project/kawadai/admin/publics/login.shtml
[ info ] 127.0.0.1/project/kawadai/admin/publics/login.shtml [运行时间：0.062400s][吞吐率：16.03req/s] [内存消耗：2,557.14kb] [文件加载：62]
[ info ] [ LANG ] E:\phpStudy\WWW\project\kawadai\thinkphp\lang\zh-cn.php
[ info ] [ ROUTE ] array (
  'type' => 'module',
  'module' => 
  array (
    0 => 'admin',
    1 => 'publics',
    2 => 'login',
  ),
)
[ info ] [ HEADER ] array (
  'upgrade-insecure-requests' => '1',
  'connection' => 'close',
  'cookie' => 'PHPSESSID=m2fonj3f8jcpb9luhbvc1vecp6',
  'accept-encoding' => 'gzip, deflate',
  'accept-language' => 'zh-CN,zh;q=0.8,en-US;q=0.5,en;q=0.3',
  'accept' => 'text/html,application/xhtml+xml,application/xml;q=0.9,*/*;q=0.8',
  'user-agent' => 'Mozilla/5.0 (Windows NT 6.1; Win64; x64; rv:55.0) Gecko/20100101 Firefox/55.0',
  'host' => '127.0.0.1',
)
[ info ] [ PARAM ] array (
)
[ info ] [ SESSION ] INIT array (
  'prefix' => 'admin',
)
[ info ] [ DB ] INIT mysql
[ info ] [ RUN ] app\admin\controller\Publics->login[ E:\phpStudy\WWW\project\kawadai\application\admin\controller\Publics.php ]
[ info ] [ VIEW ] E:\phpStudy\WWW\project\kawadai\public\theme\admin\publics\login.html [ array (
  0 => 'module_name',
  1 => 'controller_name',
  2 => 'action_name',
  3 => 'public_path',
  4 => 'static_path',
  5 => 'js',
  6 => 'css',
  7 => 'img',
  8 => 'title',
  9 => 'admin_title',
  10 => 'nowpage',
  11 => 'upload',
  12 => 'menu',
) ]
[ info ] [ LOG ] INIT File
[ sql ] [ DB ] CONNECT:[ UseTime:0.015600s ] mysql:dbname=kwd;host=localhost;port=3306;charset=utf8
[ sql ] [ SQL ] SHOW COLUMNS FROM `kd_menu` [ RunTime:0.000000s ]
[ sql ] [ SQL ] SELECT * FROM `kd_menu` WHERE (  `url` = '/project/kawadai/admin/publics/login.shtml' ) AND `kd_menu`.`delete_time` IS NULL LIMIT 1 [ RunTime:0.000000s ]
---------------------------------------------------------------
[ 2017-09-10T09:02:22+08:00 ] 127.0.0.1 127.0.0.1 GET /project/kawadai/admin/publics/login.shtml
[ info ] 127.0.0.1/project/kawadai/admin/publics/login.shtml [运行时间：0.046800s][吞吐率：21.37req/s] [内存消耗：2,440.91kb] [文件加载：60]
[ info ] [ LANG ] E:\phpStudy\WWW\project\kawadai\thinkphp\lang\zh-cn.php
[ info ] [ ROUTE ] array (
  'type' => 'module',
  'module' => 
  array (
    0 => 'admin',
    1 => 'publics',
    2 => 'login',
  ),
)
[ info ] [ HEADER ] array (
  'cache-control' => 'max-age=0',
  'upgrade-insecure-requests' => '1',
  'connection' => 'close',
  'cookie' => 'thinkphp_show_page_trace=0|0; PHPSESSID=m2fonj3f8jcpb9luhbvc1vecp6',
  'accept-encoding' => 'gzip, deflate',
  'accept-language' => 'zh-CN,zh;q=0.8,en-US;q=0.5,en;q=0.3',
  'accept' => 'text/html,application/xhtml+xml,application/xml;q=0.9,*/*;q=0.8',
  'user-agent' => 'Mozilla/5.0 (Windows NT 6.1; Win64; x64; rv:55.0) Gecko/20100101 Firefox/55.0',
  'host' => '127.0.0.1',
)
[ info ] [ PARAM ] array (
)
[ info ] [ SESSION ] INIT array (
  'prefix' => 'admin',
)
[ info ] [ DB ] INIT mysql
[ info ] [ RUN ] app\admin\controller\Publics->login[ E:\phpStudy\WWW\project\kawadai\application\admin\controller\Publics.php ]
[ info ] [ VIEW ] E:\phpStudy\WWW\project\kawadai\public\theme\admin\publics\login.html [ array (
  0 => 'module_name',
  1 => 'controller_name',
  2 => 'action_name',
  3 => 'public_path',
  4 => 'static_path',
  5 => 'js',
  6 => 'css',
  7 => 'img',
  8 => 'title',
  9 => 'admin_title',
  10 => 'nowpage',
  11 => 'upload',
  12 => 'menu',
) ]
[ info ] [ LOG ] INIT File
[ sql ] [ DB ] CONNECT:[ UseTime:0.015600s ] mysql:dbname=kwd;host=localhost;port=3306;charset=utf8
[ sql ] [ SQL ] SHOW COLUMNS FROM `kd_menu` [ RunTime:0.000000s ]
[ sql ] [ SQL ] SELECT * FROM `kd_menu` WHERE (  `url` = '/project/kawadai/admin/publics/login.shtml' ) AND `kd_menu`.`delete_time` IS NULL LIMIT 1 [ RunTime:0.000000s ]
---------------------------------------------------------------
[ 2017-09-10T09:02:25+08:00 ] 127.0.0.1 127.0.0.1 GET /project/kawadai/admin/publics/login.shtml
[ info ] 127.0.0.1/project/kawadai/admin/publics/login.shtml [运行时间：0.052003s][吞吐率：19.23req/s] [内存消耗：2,440.91kb] [文件加载：60]
[ info ] [ LANG ] E:\phpStudy\WWW\project\kawadai\thinkphp\lang\zh-cn.php
[ info ] [ ROUTE ] array (
  'type' => 'module',
  'module' => 
  array (
    0 => 'admin',
    1 => 'publics',
    2 => 'login',
  ),
)
[ info ] [ HEADER ] array (
  'cache-control' => 'max-age=0',
  'upgrade-insecure-requests' => '1',
  'connection' => 'close',
  'cookie' => 'thinkphp_show_page_trace=0|0; PHPSESSID=m2fonj3f8jcpb9luhbvc1vecp6',
  'accept-encoding' => 'gzip, deflate',
  'accept-language' => 'zh-CN,zh;q=0.8,en-US;q=0.5,en;q=0.3',
  'accept' => 'text/html,application/xhtml+xml,application/xml;q=0.9,*/*;q=0.8',
  'user-agent' => 'Mozilla/5.0 (Windows NT 6.1; Win64; x64; rv:55.0) Gecko/20100101 Firefox/55.0',
  'host' => '127.0.0.1',
)
[ info ] [ PARAM ] array (
)
[ info ] [ SESSION ] INIT array (
  'prefix' => 'admin',
)
[ info ] [ DB ] INIT mysql
[ info ] [ RUN ] app\admin\controller\Publics->login[ E:\phpStudy\WWW\project\kawadai\application\admin\controller\Publics.php ]
[ info ] [ VIEW ] E:\phpStudy\WWW\project\kawadai\public\theme\admin\publics\login.html [ array (
  0 => 'module_name',
  1 => 'controller_name',
  2 => 'action_name',
  3 => 'public_path',
  4 => 'static_path',
  5 => 'js',
  6 => 'css',
  7 => 'img',
  8 => 'title',
  9 => 'admin_title',
  10 => 'nowpage',
  11 => 'upload',
  12 => 'menu',
) ]
[ info ] [ LOG ] INIT File
[ sql ] [ DB ] CONNECT:[ UseTime:0.011001s ] mysql:dbname=kwd;host=localhost;port=3306;charset=utf8
[ sql ] [ SQL ] SHOW COLUMNS FROM `kd_menu` [ RunTime:0.006000s ]
[ sql ] [ SQL ] SELECT * FROM `kd_menu` WHERE (  `url` = '/project/kawadai/admin/publics/login.shtml' ) AND `kd_menu`.`delete_time` IS NULL LIMIT 1 [ RunTime:0.000000s ]
---------------------------------------------------------------
[ 2017-09-10T09:02:25+08:00 ] 127.0.0.1 127.0.0.1 GET /project/kawadai/admin/publics/login.shtml
[ info ] 127.0.0.1/project/kawadai/admin/publics/login.shtml [运行时间：0.047002s][吞吐率：21.28req/s] [内存消耗：2,440.91kb] [文件加载：60]
[ info ] [ LANG ] E:\phpStudy\WWW\project\kawadai\thinkphp\lang\zh-cn.php
[ info ] [ ROUTE ] array (
  'type' => 'module',
  'module' => 
  array (
    0 => 'admin',
    1 => 'publics',
    2 => 'login',
  ),
)
[ info ] [ HEADER ] array (
  'cache-control' => 'max-age=0',
  'upgrade-insecure-requests' => '1',
  'connection' => 'close',
  'cookie' => 'thinkphp_show_page_trace=0|0; PHPSESSID=m2fonj3f8jcpb9luhbvc1vecp6',
  'accept-encoding' => 'gzip, deflate',
  'accept-language' => 'zh-CN,zh;q=0.8,en-US;q=0.5,en;q=0.3',
  'accept' => 'text/html,application/xhtml+xml,application/xml;q=0.9,*/*;q=0.8',
  'user-agent' => 'Mozilla/5.0 (Windows NT 6.1; Win64; x64; rv:55.0) Gecko/20100101 Firefox/55.0',
  'host' => '127.0.0.1',
)
[ info ] [ PARAM ] array (
)
[ info ] [ SESSION ] INIT array (
  'prefix' => 'admin',
)
[ info ] [ DB ] INIT mysql
[ info ] [ RUN ] app\admin\controller\Publics->login[ E:\phpStudy\WWW\project\kawadai\application\admin\controller\Publics.php ]
[ info ] [ VIEW ] E:\phpStudy\WWW\project\kawadai\public\theme\admin\publics\login.html [ array (
  0 => 'module_name',
  1 => 'controller_name',
  2 => 'action_name',
  3 => 'public_path',
  4 => 'static_path',
  5 => 'js',
  6 => 'css',
  7 => 'img',
  8 => 'title',
  9 => 'admin_title',
  10 => 'nowpage',
  11 => 'upload',
  12 => 'menu',
) ]
[ info ] [ LOG ] INIT File
[ sql ] [ DB ] CONNECT:[ UseTime:0.001000s ] mysql:dbname=kwd;host=localhost;port=3306;charset=utf8
[ sql ] [ SQL ] SHOW COLUMNS FROM `kd_menu` [ RunTime:0.005000s ]
[ sql ] [ SQL ] SELECT * FROM `kd_menu` WHERE (  `url` = '/project/kawadai/admin/publics/login.shtml' ) AND `kd_menu`.`delete_time` IS NULL LIMIT 1 [ RunTime:0.000000s ]
---------------------------------------------------------------
[ 2017-09-10T09:02:25+08:00 ] 127.0.0.1 127.0.0.1 GET /project/kawadai/admin/publics/login.shtml
[ info ] 127.0.0.1/project/kawadai/admin/publics/login.shtml [运行时间：0.054003s][吞吐率：18.52req/s] [内存消耗：2,440.91kb] [文件加载：60]
[ info ] [ LANG ] E:\phpStudy\WWW\project\kawadai\thinkphp\lang\zh-cn.php
[ info ] [ ROUTE ] array (
  'type' => 'module',
  'module' => 
  array (
    0 => 'admin',
    1 => 'publics',
    2 => 'login',
  ),
)
[ info ] [ HEADER ] array (
  'cache-control' => 'max-age=0',
  'upgrade-insecure-requests' => '1',
  'connection' => 'close',
  'cookie' => 'thinkphp_show_page_trace=0|0; PHPSESSID=m2fonj3f8jcpb9luhbvc1vecp6',
  'accept-encoding' => 'gzip, deflate',
  'accept-language' => 'zh-CN,zh;q=0.8,en-US;q=0.5,en;q=0.3',
  'accept' => 'text/html,application/xhtml+xml,application/xml;q=0.9,*/*;q=0.8',
  'user-agent' => 'Mozilla/5.0 (Windows NT 6.1; Win64; x64; rv:55.0) Gecko/20100101 Firefox/55.0',
  'host' => '127.0.0.1',
)
[ info ] [ PARAM ] array (
)
[ info ] [ SESSION ] INIT array (
  'prefix' => 'admin',
)
[ info ] [ DB ] INIT mysql
[ info ] [ RUN ] app\admin\controller\Publics->login[ E:\phpStudy\WWW\project\kawadai\application\admin\controller\Publics.php ]
[ info ] [ VIEW ] E:\phpStudy\WWW\project\kawadai\public\theme\admin\publics\login.html [ array (
  0 => 'module_name',
  1 => 'controller_name',
  2 => 'action_name',
  3 => 'public_path',
  4 => 'static_path',
  5 => 'js',
  6 => 'css',
  7 => 'img',
  8 => 'title',
  9 => 'admin_title',
  10 => 'nowpage',
  11 => 'upload',
  12 => 'menu',
) ]
[ info ] [ LOG ] INIT File
[ sql ] [ DB ] CONNECT:[ UseTime:0.011001s ] mysql:dbname=kwd;host=localhost;port=3306;charset=utf8
[ sql ] [ SQL ] SHOW COLUMNS FROM `kd_menu` [ RunTime:0.006000s ]
[ sql ] [ SQL ] SELECT * FROM `kd_menu` WHERE (  `url` = '/project/kawadai/admin/publics/login.shtml' ) AND `kd_menu`.`delete_time` IS NULL LIMIT 1 [ RunTime:0.001000s ]
---------------------------------------------------------------
[ 2017-09-10T09:02:26+08:00 ] 127.0.0.1 127.0.0.1 GET /project/kawadai/admin/publics/login.shtml
[ info ] 127.0.0.1/project/kawadai/admin/publics/login.shtml [运行时间：0.060004s][吞吐率：16.67req/s] [内存消耗：2,440.91kb] [文件加载：60]
[ info ] [ LANG ] E:\phpStudy\WWW\project\kawadai\thinkphp\lang\zh-cn.php
[ info ] [ ROUTE ] array (
  'type' => 'module',
  'module' => 
  array (
    0 => 'admin',
    1 => 'publics',
    2 => 'login',
  ),
)
[ info ] [ HEADER ] array (
  'cache-control' => 'max-age=0',
  'upgrade-insecure-requests' => '1',
  'connection' => 'close',
  'cookie' => 'thinkphp_show_page_trace=0|0; PHPSESSID=m2fonj3f8jcpb9luhbvc1vecp6',
  'accept-encoding' => 'gzip, deflate',
  'accept-language' => 'zh-CN,zh;q=0.8,en-US;q=0.5,en;q=0.3',
  'accept' => 'text/html,application/xhtml+xml,application/xml;q=0.9,*/*;q=0.8',
  'user-agent' => 'Mozilla/5.0 (Windows NT 6.1; Win64; x64; rv:55.0) Gecko/20100101 Firefox/55.0',
  'host' => '127.0.0.1',
)
[ info ] [ PARAM ] array (
)
[ info ] [ SESSION ] INIT array (
  'prefix' => 'admin',
)
[ info ] [ DB ] INIT mysql
[ info ] [ RUN ] app\admin\controller\Publics->login[ E:\phpStudy\WWW\project\kawadai\application\admin\controller\Publics.php ]
[ info ] [ VIEW ] E:\phpStudy\WWW\project\kawadai\public\theme\admin\publics\login.html [ array (
  0 => 'module_name',
  1 => 'controller_name',
  2 => 'action_name',
  3 => 'public_path',
  4 => 'static_path',
  5 => 'js',
  6 => 'css',
  7 => 'img',
  8 => 'title',
  9 => 'admin_title',
  10 => 'nowpage',
  11 => 'upload',
  12 => 'menu',
) ]
[ info ] [ LOG ] INIT File
[ sql ] [ DB ] CONNECT:[ UseTime:0.011001s ] mysql:dbname=kwd;host=localhost;port=3306;charset=utf8
[ sql ] [ SQL ] SHOW COLUMNS FROM `kd_menu` [ RunTime:0.011000s ]
[ sql ] [ SQL ] SELECT * FROM `kd_menu` WHERE (  `url` = '/project/kawadai/admin/publics/login.shtml' ) AND `kd_menu`.`delete_time` IS NULL LIMIT 1 [ RunTime:0.000000s ]
---------------------------------------------------------------
[ 2017-09-10T09:02:26+08:00 ] 127.0.0.1 127.0.0.1 GET /project/kawadai/admin/publics/login.shtml
[ info ] 127.0.0.1/project/kawadai/admin/publics/login.shtml [运行时间：0.044002s][吞吐率：22.73req/s] [内存消耗：2,440.91kb] [文件加载：60]
[ info ] [ LANG ] E:\phpStudy\WWW\project\kawadai\thinkphp\lang\zh-cn.php
[ info ] [ ROUTE ] array (
  'type' => 'module',
  'module' => 
  array (
    0 => 'admin',
    1 => 'publics',
    2 => 'login',
  ),
)
[ info ] [ HEADER ] array (
  'cache-control' => 'max-age=0',
  'upgrade-insecure-requests' => '1',
  'connection' => 'close',
  'cookie' => 'thinkphp_show_page_trace=0|0; PHPSESSID=m2fonj3f8jcpb9luhbvc1vecp6',
  'accept-encoding' => 'gzip, deflate',
  'accept-language' => 'zh-CN,zh;q=0.8,en-US;q=0.5,en;q=0.3',
  'accept' => 'text/html,application/xhtml+xml,application/xml;q=0.9,*/*;q=0.8',
  'user-agent' => 'Mozilla/5.0 (Windows NT 6.1; Win64; x64; rv:55.0) Gecko/20100101 Firefox/55.0',
  'host' => '127.0.0.1',
)
[ info ] [ PARAM ] array (
)
[ info ] [ SESSION ] INIT array (
  'prefix' => 'admin',
)
[ info ] [ DB ] INIT mysql
[ info ] [ RUN ] app\admin\controller\Publics->login[ E:\phpStudy\WWW\project\kawadai\application\admin\controller\Publics.php ]
[ info ] [ VIEW ] E:\phpStudy\WWW\project\kawadai\public\theme\admin\publics\login.html [ array (
  0 => 'module_name',
  1 => 'controller_name',
  2 => 'action_name',
  3 => 'public_path',
  4 => 'static_path',
  5 => 'js',
  6 => 'css',
  7 => 'img',
  8 => 'title',
  9 => 'admin_title',
  10 => 'nowpage',
  11 => 'upload',
  12 => 'menu',
) ]
[ info ] [ LOG ] INIT File
[ sql ] [ DB ] CONNECT:[ UseTime:0.001000s ] mysql:dbname=kwd;host=localhost;port=3306;charset=utf8
[ sql ] [ SQL ] SHOW COLUMNS FROM `kd_menu` [ RunTime:0.005001s ]
[ sql ] [ SQL ] SELECT * FROM `kd_menu` WHERE (  `url` = '/project/kawadai/admin/publics/login.shtml' ) AND `kd_menu`.`delete_time` IS NULL LIMIT 1 [ RunTime:0.000000s ]
---------------------------------------------------------------
[ 2017-09-10T09:02:26+08:00 ] 127.0.0.1 127.0.0.1 GET /project/kawadai/admin/publics/login.shtml
[ info ] 127.0.0.1/project/kawadai/admin/publics/login.shtml [运行时间：0.054003s][吞吐率：18.52req/s] [内存消耗：2,440.91kb] [文件加载：60]
[ info ] [ LANG ] E:\phpStudy\WWW\project\kawadai\thinkphp\lang\zh-cn.php
[ info ] [ ROUTE ] array (
  'type' => 'module',
  'module' => 
  array (
    0 => 'admin',
    1 => 'publics',
    2 => 'login',
  ),
)
[ info ] [ HEADER ] array (
  'cache-control' => 'max-age=0',
  'upgrade-insecure-requests' => '1',
  'connection' => 'close',
  'cookie' => 'thinkphp_show_page_trace=0|0; PHPSESSID=m2fonj3f8jcpb9luhbvc1vecp6',
  'accept-encoding' => 'gzip, deflate',
  'accept-language' => 'zh-CN,zh;q=0.8,en-US;q=0.5,en;q=0.3',
  'accept' => 'text/html,application/xhtml+xml,application/xml;q=0.9,*/*;q=0.8',
  'user-agent' => 'Mozilla/5.0 (Windows NT 6.1; Win64; x64; rv:55.0) Gecko/20100101 Firefox/55.0',
  'host' => '127.0.0.1',
)
[ info ] [ PARAM ] array (
)
[ info ] [ SESSION ] INIT array (
  'prefix' => 'admin',
)
[ info ] [ DB ] INIT mysql
[ info ] [ RUN ] app\admin\controller\Publics->login[ E:\phpStudy\WWW\project\kawadai\application\admin\controller\Publics.php ]
[ info ] [ VIEW ] E:\phpStudy\WWW\project\kawadai\public\theme\admin\publics\login.html [ array (
  0 => 'module_name',
  1 => 'controller_name',
  2 => 'action_name',
  3 => 'public_path',
  4 => 'static_path',
  5 => 'js',
  6 => 'css',
  7 => 'img',
  8 => 'title',
  9 => 'admin_title',
  10 => 'nowpage',
  11 => 'upload',
  12 => 'menu',
) ]
[ info ] [ LOG ] INIT File
[ sql ] [ DB ] CONNECT:[ UseTime:0.011000s ] mysql:dbname=kwd;host=localhost;port=3306;charset=utf8
[ sql ] [ SQL ] SHOW COLUMNS FROM `kd_menu` [ RunTime:0.006001s ]
[ sql ] [ SQL ] SELECT * FROM `kd_menu` WHERE (  `url` = '/project/kawadai/admin/publics/login.shtml' ) AND `kd_menu`.`delete_time` IS NULL LIMIT 1 [ RunTime:0.000000s ]
---------------------------------------------------------------
[ 2017-09-10T09:02:26+08:00 ] 127.0.0.1 127.0.0.1 GET /project/kawadai/admin/publics/login.shtml
[ info ] 127.0.0.1/project/kawadai/admin/publics/login.shtml [运行时间：0.055003s][吞吐率：18.18req/s] [内存消耗：2,440.91kb] [文件加载：60]
[ info ] [ LANG ] E:\phpStudy\WWW\project\kawadai\thinkphp\lang\zh-cn.php
[ info ] [ ROUTE ] array (
  'type' => 'module',
  'module' => 
  array (
    0 => 'admin',
    1 => 'publics',
    2 => 'login',
  ),
)
[ info ] [ HEADER ] array (
  'cache-control' => 'max-age=0',
  'upgrade-insecure-requests' => '1',
  'connection' => 'close',
  'cookie' => 'thinkphp_show_page_trace=0|0; PHPSESSID=m2fonj3f8jcpb9luhbvc1vecp6',
  'accept-encoding' => 'gzip, deflate',
  'accept-language' => 'zh-CN,zh;q=0.8,en-US;q=0.5,en;q=0.3',
  'accept' => 'text/html,application/xhtml+xml,application/xml;q=0.9,*/*;q=0.8',
  'user-agent' => 'Mozilla/5.0 (Windows NT 6.1; Win64; x64; rv:55.0) Gecko/20100101 Firefox/55.0',
  'host' => '127.0.0.1',
)
[ info ] [ PARAM ] array (
)
[ info ] [ SESSION ] INIT array (
  'prefix' => 'admin',
)
[ info ] [ DB ] INIT mysql
[ info ] [ RUN ] app\admin\controller\Publics->login[ E:\phpStudy\WWW\project\kawadai\application\admin\controller\Publics.php ]
[ info ] [ VIEW ] E:\phpStudy\WWW\project\kawadai\public\theme\admin\publics\login.html [ array (
  0 => 'module_name',
  1 => 'controller_name',
  2 => 'action_name',
  3 => 'public_path',
  4 => 'static_path',
  5 => 'js',
  6 => 'css',
  7 => 'img',
  8 => 'title',
  9 => 'admin_title',
  10 => 'nowpage',
  11 => 'upload',
  12 => 'menu',
) ]
[ info ] [ LOG ] INIT File
[ sql ] [ DB ] CONNECT:[ UseTime:0.011001s ] mysql:dbname=kwd;host=localhost;port=3306;charset=utf8
[ sql ] [ SQL ] SHOW COLUMNS FROM `kd_menu` [ RunTime:0.006000s ]
[ sql ] [ SQL ] SELECT * FROM `kd_menu` WHERE (  `url` = '/project/kawadai/admin/publics/login.shtml' ) AND `kd_menu`.`delete_time` IS NULL LIMIT 1 [ RunTime:0.000000s ]
